<?xml version="1.0" encoding="UTF-8"?>
<!-- Generated by org.testng.reporters.JUnitXMLReporter -->
<testsuite hostname="MacBook-Pro" ignored="2" name="Ecommerce Home" tests="2" failures="0" timestamp="12 Mar 2021 03:40:47 GMT" time="10.366" errors="0">
  <testcase name="searchTest" time="0.179" classname="pageobjectstests.HomePageTest"/>
  <testcase name="sendAMessageTest" time="2.483" classname="pageobjectstests.ContactUsTest"/>
  <testcase name="@BeforeSuite extentSetup" time="0.0" classname="browserdriver.BrowserDriver">
    <ignored/>
  </testcase> <!-- @BeforeSuite extentSetup -->
  <testcase name="@AfterSuite generateReport" time="0.0" classname="browserdriver.BrowserDriver">
    <ignored/>
  </testcase> <!-- @AfterSuite generateReport -->
</testsuite> <!-- Ecommerce Home -->
