<?xml version="1.0" encoding="UTF-8"?>
<!-- Generated by org.testng.reporters.JUnitXMLReporter -->
<testsuite hostname="MacBook-Pro" ignored="2" name="Ecommerce Home" tests="2" failures="0" timestamp="09 Mar 2021 06:13:47 GMT" time="11.36" errors="0">
  <testcase name="searchTest" time="0.169" classname="pageobjectstests.HomePageTest"/>
  <testcase name="sendAMessageTest" time="2.662" classname="pageobjectstests.ContactUsTest"/>
  <testcase name="@BeforeSuite extentSetup" time="0.0" classname="browserdriver.BrowserDriver">
    <ignored/>
  </testcase> <!-- @BeforeSuite extentSetup -->
  <testcase name="@AfterSuite generateReport" time="0.0" classname="browserdriver.BrowserDriver">
    <ignored/>
  </testcase> <!-- @AfterSuite generateReport -->
</testsuite> <!-- Ecommerce Home -->
