<?xml version="1.0" encoding="UTF-8"?>
<testng-results skipped="0" failed="0" ignored="2" total="4" passed="2">
  <reporter-output>
    <line>
      <![CDATA[Extent Report Directory/Users/ferhanali/IdeaProjects/FrameWork/automationPractice/target/surefire-reports/html]]>
    </line>
    <line>
      <![CDATA[Clicked Contact Us Button ]]>
    </line>
    <line>
      <![CDATA[Send text to EmailBox]]>
    </line>
    <line>
      <![CDATA[junk@kunk.com Sent to EmailBox]]>
    </line>
    <line>
      <![CDATA[Send text to messageBox]]>
    </line>
    <line>
      <![CDATA[Provide me some junk information!!! Sent to messageBox]]>
    </line>
    <line>
      <![CDATA[CLick Submit Button]]>
    </line>
    <line>
      <![CDATA[CLicked Submit Button]]>
    </line>
    <line>
      <![CDATA[CLick Submit Button]]>
    </line>
    <line>
      <![CDATA[CLicked Submit Button]]>
    </line>
  </reporter-output>
  <suite name="Automation Test" duration-ms="10366" started-at="2021-03-12T03:40:36Z" finished-at="2021-03-12T03:40:47Z">
    <groups>
    </groups>
    <test name="Ecommerce Home" duration-ms="10366" started-at="2021-03-12T03:40:36Z" finished-at="2021-03-12T03:40:47Z">
      <class name="pageobjectstests.ContactUsTest">
        <test-method status="PASS" signature="setUp()[pri:0, instance:pageobjectstests.ContactUsTest@215be6bb]" name="setUp" is-config="true" duration-ms="3280" started-at="2021-03-12T03:40:41Z" finished-at="2021-03-12T03:40:44Z">
          <reporter-output>
          </reporter-output>
        </test-method> <!-- setUp -->
        <test-method status="PASS" signature="initializeElements()[pri:0, instance:pageobjectstests.ContactUsTest@215be6bb]" name="initializeElements" is-config="true" duration-ms="2" started-at="2021-03-12T03:40:44Z" finished-at="2021-03-12T03:40:44Z">
          <reporter-output>
          </reporter-output>
        </test-method> <!-- initializeElements -->
        <test-method status="PASS" signature="startExtent(java.lang.reflect.Method)[pri:0, instance:pageobjectstests.ContactUsTest@215be6bb]" name="startExtent" is-config="true" duration-ms="0" started-at="2021-03-12T03:40:44Z" finished-at="2021-03-12T03:40:44Z">
          <params>
            <param index="0">
              <value>
                <![CDATA[public void pageobjectstests.ContactUsTest.sendAMessageTest()]]>
              </value>
            </param>
          </params>
          <reporter-output>
          </reporter-output>
        </test-method> <!-- startExtent -->
        <test-method status="PASS" signature="sendAMessageTest()[pri:0, instance:pageobjectstests.ContactUsTest@215be6bb]" name="sendAMessageTest" duration-ms="2483" started-at="2021-03-12T03:40:44Z" finished-at="2021-03-12T03:40:47Z">
          <reporter-output>
            <line>
              <![CDATA[Clicked Contact Us Button ]]>
            </line>
            <line>
              <![CDATA[Send text to EmailBox]]>
            </line>
            <line>
              <![CDATA[junk@kunk.com Sent to EmailBox]]>
            </line>
            <line>
              <![CDATA[Send text to messageBox]]>
            </line>
            <line>
              <![CDATA[Provide me some junk information!!! Sent to messageBox]]>
            </line>
            <line>
              <![CDATA[CLick Submit Button]]>
            </line>
            <line>
              <![CDATA[CLicked Submit Button]]>
            </line>
            <line>
              <![CDATA[CLick Submit Button]]>
            </line>
            <line>
              <![CDATA[CLicked Submit Button]]>
            </line>
          </reporter-output>
        </test-method> <!-- sendAMessageTest -->
        <test-method status="PASS" signature="afterEachTestMethod(org.testng.ITestResult)[pri:0, instance:pageobjectstests.ContactUsTest@215be6bb]" name="afterEachTestMethod" is-config="true" duration-ms="103" started-at="2021-03-12T03:40:47Z" finished-at="2021-03-12T03:40:47Z">
          <params>
            <param index="0">
              <value>
                <![CDATA[[TestResult name=sendAMessageTest status=SUCCESS method=ContactUsTest.sendAMessageTest()[pri:0, instance:pageobjectstests.ContactUsTest@215be6bb] output=Clicked Contact Us Button ]]]>
              </value>
            </param>
          </params>
          <reporter-output>
          </reporter-output>
        </test-method> <!-- afterEachTestMethod -->
        <test-method status="PASS" signature="cleanUP()[pri:0, instance:pageobjectstests.ContactUsTest@215be6bb]" name="cleanUP" is-config="true" duration-ms="0" started-at="2021-03-12T03:40:47Z" finished-at="2021-03-12T03:40:47Z">
          <reporter-output>
          </reporter-output>
        </test-method> <!-- cleanUP -->
      </class> <!-- pageobjectstests.ContactUsTest -->
      <class name="pageobjectstests.HomePageTest">
        <test-method status="PASS" signature="extentSetup(org.testng.ITestContext)[pri:0, instance:pageobjectstests.HomePageTest@32d992b2]" name="extentSetup" is-config="true" duration-ms="83" started-at="2021-03-12T03:40:36Z" finished-at="2021-03-12T03:40:36Z">
          <params>
            <param index="0">
              <value>
                <![CDATA[org.testng.TestRunner@906d29b]]>
              </value>
            </param>
          </params>
          <reporter-output>
            <line>
              <![CDATA[Extent Report Directory/Users/ferhanali/IdeaProjects/FrameWork/automationPractice/target/surefire-reports/html]]>
            </line>
          </reporter-output>
        </test-method> <!-- extentSetup -->
        <test-method status="PASS" signature="setUp()[pri:0, instance:pageobjectstests.HomePageTest@32d992b2]" name="setUp" is-config="true" duration-ms="4034" started-at="2021-03-12T03:40:36Z" finished-at="2021-03-12T03:40:40Z">
          <reporter-output>
          </reporter-output>
        </test-method> <!-- setUp -->
        <test-method status="PASS" signature="startExtent(java.lang.reflect.Method)[pri:0, instance:pageobjectstests.HomePageTest@32d992b2]" name="startExtent" is-config="true" duration-ms="4" started-at="2021-03-12T03:40:40Z" finished-at="2021-03-12T03:40:40Z">
          <params>
            <param index="0">
              <value>
                <![CDATA[public void pageobjectstests.HomePageTest.searchTest()]]>
              </value>
            </param>
          </params>
          <reporter-output>
          </reporter-output>
        </test-method> <!-- startExtent -->
        <test-method status="PASS" signature="initializeElements()[pri:0, instance:pageobjectstests.HomePageTest@32d992b2]" name="initializeElements" is-config="true" duration-ms="26" started-at="2021-03-12T03:40:40Z" finished-at="2021-03-12T03:40:40Z">
          <reporter-output>
          </reporter-output>
        </test-method> <!-- initializeElements -->
        <test-method status="PASS" signature="searchTest()[pri:0, instance:pageobjectstests.HomePageTest@32d992b2]" name="searchTest" duration-ms="179" started-at="2021-03-12T03:40:40Z" finished-at="2021-03-12T03:40:41Z">
          <reporter-output>
          </reporter-output>
        </test-method> <!-- searchTest -->
        <test-method status="PASS" signature="afterEachTestMethod(org.testng.ITestResult)[pri:0, instance:pageobjectstests.HomePageTest@32d992b2]" name="afterEachTestMethod" is-config="true" duration-ms="245" started-at="2021-03-12T03:40:41Z" finished-at="2021-03-12T03:40:41Z">
          <params>
            <param index="0">
              <value>
                <![CDATA[[TestResult name=searchTest status=SUCCESS method=HomePageTest.searchTest()[pri:0, instance:pageobjectstests.HomePageTest@32d992b2] output={null}]]]>
              </value>
            </param>
          </params>
          <reporter-output>
          </reporter-output>
        </test-method> <!-- afterEachTestMethod -->
        <test-method status="PASS" signature="cleanUP()[pri:0, instance:pageobjectstests.HomePageTest@32d992b2]" name="cleanUP" is-config="true" duration-ms="1" started-at="2021-03-12T03:40:41Z" finished-at="2021-03-12T03:40:41Z">
          <reporter-output>
          </reporter-output>
        </test-method> <!-- cleanUP -->
        <test-method status="PASS" signature="generateReport()[pri:0, instance:pageobjectstests.HomePageTest@32d992b2]" name="generateReport" is-config="true" duration-ms="20" started-at="2021-03-12T03:40:47Z" finished-at="2021-03-12T03:40:47Z">
          <reporter-output>
          </reporter-output>
        </test-method> <!-- generateReport -->
      </class> <!-- pageobjectstests.HomePageTest -->
    </test> <!-- Ecommerce Home -->
  </suite> <!-- Automation Test -->
</testng-results>
